
*** Running vivado
    with args -log main.vds -m64 -product Vivado -mode batch -messageDb vivado.pb -notrace -source main.tcl


****** Vivado v2018.1 (64-bit)
  **** SW Build 2188600 on Wed Apr  4 18:39:19 MDT 2018
  **** IP Build 2185939 on Wed Apr  4 20:55:05 MDT 2018
    ** Copyright 1986-2018 Xilinx, Inc. All Rights Reserved.

Sourcing tcl script '/home/aragorn/.Xilinx/Vivado/Vivado_init.tcl'
source main.tcl -notrace
Command: synth_design -top main -part xc7a35ticsg324-1L
Starting synth_design
Attempting to get a license for feature 'Synthesis' and/or device 'xc7a35ti'
INFO: [Common 17-349] Got license for feature 'Synthesis' and/or device 'xc7a35ti'
INFO: Launching helper process for spawning children vivado processes
INFO: Helper process launched with PID 6089 
---------------------------------------------------------------------------------
Starting RTL Elaboration : Time (s): cpu = 00:00:09 ; elapsed = 00:00:10 . Memory (MB): peak = 1389.152 ; gain = 86.852 ; free physical = 2341 ; free virtual = 8332
---------------------------------------------------------------------------------
INFO: [Synth 8-638] synthesizing module 'main' [/home/aragorn/Documents/FPGA/traffic_lights_vhd/traffic_lights_vhd.srcs/sources_1/new/main.vhd:69]
INFO: [Synth 8-3491] module 'clockdivider' declared at '/home/aragorn/Documents/FPGA/traffic_lights_vhd/traffic_lights_vhd.srcs/sources_1/imports/FPGA/clockdivider.vhd:55' bound to instance 'CLKDIV' of component 'clockdivider' [/home/aragorn/Documents/FPGA/traffic_lights_vhd/traffic_lights_vhd.srcs/sources_1/new/main.vhd:114]
INFO: [Synth 8-638] synthesizing module 'clockdivider' [/home/aragorn/Documents/FPGA/traffic_lights_vhd/traffic_lights_vhd.srcs/sources_1/imports/FPGA/clockdivider.vhd:62]
INFO: [Synth 8-256] done synthesizing module 'clockdivider' (1#1) [/home/aragorn/Documents/FPGA/traffic_lights_vhd/traffic_lights_vhd.srcs/sources_1/imports/FPGA/clockdivider.vhd:62]
INFO: [Synth 8-3491] module 'debounce' declared at '/home/aragorn/Documents/FPGA/traffic_lights_vhd/traffic_lights_vhd.srcs/sources_1/imports/FPGA/debounce.vhd:54' bound to instance 'BUTTON3' of component 'debounce' [/home/aragorn/Documents/FPGA/traffic_lights_vhd/traffic_lights_vhd.srcs/sources_1/new/main.vhd:120]
INFO: [Synth 8-638] synthesizing module 'debounce' [/home/aragorn/Documents/FPGA/traffic_lights_vhd/traffic_lights_vhd.srcs/sources_1/imports/FPGA/debounce.vhd:60]
INFO: [Synth 8-256] done synthesizing module 'debounce' (2#1) [/home/aragorn/Documents/FPGA/traffic_lights_vhd/traffic_lights_vhd.srcs/sources_1/imports/FPGA/debounce.vhd:60]
INFO: [Synth 8-3491] module 'PWMLED' declared at '/home/aragorn/Documents/FPGA/traffic_lights_vhd/traffic_lights_vhd.srcs/sources_1/imports/FPGA/PWMLED.vhd:57' bound to instance 'RGBLED_0R' of component 'PWMLED' [/home/aragorn/Documents/FPGA/traffic_lights_vhd/traffic_lights_vhd.srcs/sources_1/new/main.vhd:225]
INFO: [Synth 8-638] synthesizing module 'PWMLED' [/home/aragorn/Documents/FPGA/traffic_lights_vhd/traffic_lights_vhd.srcs/sources_1/imports/FPGA/PWMLED.vhd:63]
INFO: [Synth 8-256] done synthesizing module 'PWMLED' (3#1) [/home/aragorn/Documents/FPGA/traffic_lights_vhd/traffic_lights_vhd.srcs/sources_1/imports/FPGA/PWMLED.vhd:63]
INFO: [Synth 8-3491] module 'PWMLED' declared at '/home/aragorn/Documents/FPGA/traffic_lights_vhd/traffic_lights_vhd.srcs/sources_1/imports/FPGA/PWMLED.vhd:57' bound to instance 'RGBLED_0G' of component 'PWMLED' [/home/aragorn/Documents/FPGA/traffic_lights_vhd/traffic_lights_vhd.srcs/sources_1/new/main.vhd:226]
INFO: [Synth 8-3491] module 'PWMLED' declared at '/home/aragorn/Documents/FPGA/traffic_lights_vhd/traffic_lights_vhd.srcs/sources_1/imports/FPGA/PWMLED.vhd:57' bound to instance 'RGBLED_1R' of component 'PWMLED' [/home/aragorn/Documents/FPGA/traffic_lights_vhd/traffic_lights_vhd.srcs/sources_1/new/main.vhd:230]
INFO: [Synth 8-3491] module 'PWMLED' declared at '/home/aragorn/Documents/FPGA/traffic_lights_vhd/traffic_lights_vhd.srcs/sources_1/imports/FPGA/PWMLED.vhd:57' bound to instance 'RGBLED_2R' of component 'PWMLED' [/home/aragorn/Documents/FPGA/traffic_lights_vhd/traffic_lights_vhd.srcs/sources_1/new/main.vhd:236]
INFO: [Synth 8-3491] module 'PWMLED' declared at '/home/aragorn/Documents/FPGA/traffic_lights_vhd/traffic_lights_vhd.srcs/sources_1/imports/FPGA/PWMLED.vhd:57' bound to instance 'RGBLED_2G' of component 'PWMLED' [/home/aragorn/Documents/FPGA/traffic_lights_vhd/traffic_lights_vhd.srcs/sources_1/new/main.vhd:237]
INFO: [Synth 8-3491] module 'PWMLED' declared at '/home/aragorn/Documents/FPGA/traffic_lights_vhd/traffic_lights_vhd.srcs/sources_1/imports/FPGA/PWMLED.vhd:57' bound to instance 'RGBLED_2B' of component 'PWMLED' [/home/aragorn/Documents/FPGA/traffic_lights_vhd/traffic_lights_vhd.srcs/sources_1/new/main.vhd:238]
INFO: [Synth 8-3491] module 'PWMLED' declared at '/home/aragorn/Documents/FPGA/traffic_lights_vhd/traffic_lights_vhd.srcs/sources_1/imports/FPGA/PWMLED.vhd:57' bound to instance 'RGBLED_3G' of component 'PWMLED' [/home/aragorn/Documents/FPGA/traffic_lights_vhd/traffic_lights_vhd.srcs/sources_1/new/main.vhd:242]
INFO: [Synth 8-256] done synthesizing module 'main' (4#1) [/home/aragorn/Documents/FPGA/traffic_lights_vhd/traffic_lights_vhd.srcs/sources_1/new/main.vhd:69]
---------------------------------------------------------------------------------
Finished RTL Elaboration : Time (s): cpu = 00:00:10 ; elapsed = 00:00:11 . Memory (MB): peak = 1433.762 ; gain = 131.461 ; free physical = 2353 ; free virtual = 8345
---------------------------------------------------------------------------------

Report Check Netlist: 
+------+------------------+-------+---------+-------+------------------+
|      |Item              |Errors |Warnings |Status |Description       |
+------+------------------+-------+---------+-------+------------------+
|1     |multi_driven_nets |      0|        0|Passed |Multi driven nets |
+------+------------------+-------+---------+-------+------------------+
---------------------------------------------------------------------------------
Start Handling Custom Attributes
---------------------------------------------------------------------------------
---------------------------------------------------------------------------------
Finished Handling Custom Attributes : Time (s): cpu = 00:00:10 ; elapsed = 00:00:11 . Memory (MB): peak = 1433.762 ; gain = 131.461 ; free physical = 2353 ; free virtual = 8345
---------------------------------------------------------------------------------
---------------------------------------------------------------------------------
Finished RTL Optimization Phase 1 : Time (s): cpu = 00:00:10 ; elapsed = 00:00:11 . Memory (MB): peak = 1433.762 ; gain = 131.461 ; free physical = 2353 ; free virtual = 8345
---------------------------------------------------------------------------------
INFO: [Device 21-403] Loading part xc7a35ticsg324-1L
INFO: [Project 1-570] Preparing netlist for logic optimization

Processing XDC Constraints
Initializing timing engine
Parsing XDC File [/home/aragorn/Documents/FPGA/traffic_lights_vhd/traffic_lights_vhd.srcs/constrs_1/imports/Digilent_XDC/Arty-A7-35-Master.xdc]
Finished Parsing XDC File [/home/aragorn/Documents/FPGA/traffic_lights_vhd/traffic_lights_vhd.srcs/constrs_1/imports/Digilent_XDC/Arty-A7-35-Master.xdc]
INFO: [Project 1-236] Implementation specific constraints were found while reading constraint file [/home/aragorn/Documents/FPGA/traffic_lights_vhd/traffic_lights_vhd.srcs/constrs_1/imports/Digilent_XDC/Arty-A7-35-Master.xdc]. These constraints will be ignored for synthesis but will be used in implementation. Impacted constraints are listed in the file [.Xil/main_propImpl.xdc].
Resolution: To avoid this warning, move constraints listed in [.Xil/main_propImpl.xdc] to another XDC file and exclude this new file from synthesis with the used_in_synthesis property (File Properties dialog in GUI) and re-run elaboration/synthesis.
Completed Processing XDC Constraints

INFO: [Project 1-111] Unisim Transformation Summary:
No Unisim elements were transformed.

Constraint Validation Runtime : Time (s): cpu = 00:00:00 ; elapsed = 00:00:00 . Memory (MB): peak = 1755.598 ; gain = 0.000 ; free physical = 2106 ; free virtual = 8098
---------------------------------------------------------------------------------
Finished Constraint Validation : Time (s): cpu = 00:00:29 ; elapsed = 00:00:40 . Memory (MB): peak = 1755.598 ; gain = 453.297 ; free physical = 2178 ; free virtual = 8171
---------------------------------------------------------------------------------
---------------------------------------------------------------------------------
Start Loading Part and Timing Information
---------------------------------------------------------------------------------
Loading part: xc7a35ticsg324-1L
---------------------------------------------------------------------------------
Finished Loading Part and Timing Information : Time (s): cpu = 00:00:29 ; elapsed = 00:00:40 . Memory (MB): peak = 1755.598 ; gain = 453.297 ; free physical = 2178 ; free virtual = 8171
---------------------------------------------------------------------------------
---------------------------------------------------------------------------------
Start Applying 'set_property' XDC Constraints
---------------------------------------------------------------------------------
---------------------------------------------------------------------------------
Finished applying 'set_property' XDC Constraints : Time (s): cpu = 00:00:29 ; elapsed = 00:00:40 . Memory (MB): peak = 1755.598 ; gain = 453.297 ; free physical = 2180 ; free virtual = 8173
---------------------------------------------------------------------------------
INFO: [Synth 8-5544] ROM "duty_0r" won't be mapped to Block RAM because address size (1) smaller than threshold (5)
INFO: [Synth 8-5544] ROM "duty_0g" won't be mapped to Block RAM because address size (1) smaller than threshold (5)
INFO: [Synth 8-5544] ROM "duty_1r" won't be mapped to Block RAM because address size (1) smaller than threshold (5)
INFO: [Synth 8-5544] ROM "duty_2r" won't be mapped to Block RAM because address size (1) smaller than threshold (5)
INFO: [Synth 8-5544] ROM "duty_2g" won't be mapped to Block RAM because address size (1) smaller than threshold (5)
INFO: [Synth 8-5544] ROM "duty_2b" won't be mapped to Block RAM because address size (1) smaller than threshold (5)
INFO: [Synth 8-5544] ROM "duty_3g" won't be mapped to Block RAM because address size (1) smaller than threshold (5)
---------------------------------------------------------------------------------
Finished RTL Optimization Phase 2 : Time (s): cpu = 00:00:29 ; elapsed = 00:00:40 . Memory (MB): peak = 1755.598 ; gain = 453.297 ; free physical = 2171 ; free virtual = 8164
---------------------------------------------------------------------------------

Report RTL Partitions: 
+-+--------------+------------+----------+
| |RTL Partition |Replication |Instances |
+-+--------------+------------+----------+
+-+--------------+------------+----------+
---------------------------------------------------------------------------------
Start RTL Component Statistics 
---------------------------------------------------------------------------------
Detailed RTL Component Info : 
+---Adders : 
	   2 Input      9 Bit       Adders := 1     
	   2 Input      8 Bit       Adders := 7     
+---Registers : 
	                9 Bit    Registers := 1     
	                8 Bit    Registers := 7     
	                5 Bit    Registers := 1     
	                4 Bit    Registers := 1     
	                1 Bit    Registers := 12    
+---Muxes : 
	  11 Input      9 Bit        Muxes := 1     
	  10 Input      7 Bit        Muxes := 1     
	   6 Input      5 Bit        Muxes := 1     
	  10 Input      5 Bit        Muxes := 1     
	   2 Input      4 Bit        Muxes := 3     
	   2 Input      1 Bit        Muxes := 3     
---------------------------------------------------------------------------------
Finished RTL Component Statistics 
---------------------------------------------------------------------------------
---------------------------------------------------------------------------------
Start RTL Hierarchical Component Statistics 
---------------------------------------------------------------------------------
Hierarchical RTL Component report 
Module main 
Detailed RTL Component Info : 
+---Adders : 
	   2 Input      9 Bit       Adders := 1     
+---Registers : 
	                9 Bit    Registers := 1     
	                5 Bit    Registers := 1     
	                4 Bit    Registers := 1     
	                1 Bit    Registers := 1     
+---Muxes : 
	  11 Input      9 Bit        Muxes := 1     
	  10 Input      7 Bit        Muxes := 1     
	   6 Input      5 Bit        Muxes := 1     
	  10 Input      5 Bit        Muxes := 1     
	   2 Input      4 Bit        Muxes := 3     
	   2 Input      1 Bit        Muxes := 3     
Module clockdivider 
Detailed RTL Component Info : 
+---Registers : 
	                1 Bit    Registers := 1     
Module debounce 
Detailed RTL Component Info : 
+---Registers : 
	                1 Bit    Registers := 3     
Module PWMLED 
Detailed RTL Component Info : 
+---Adders : 
	   2 Input      8 Bit       Adders := 1     
+---Registers : 
	                8 Bit    Registers := 1     
	                1 Bit    Registers := 1     
---------------------------------------------------------------------------------
Finished RTL Hierarchical Component Statistics
---------------------------------------------------------------------------------
---------------------------------------------------------------------------------
Start Part Resource Summary
---------------------------------------------------------------------------------
Part Resources:
DSPs: 90 (col length:60)
BRAMs: 100 (col length: RAMB18 60 RAMB36 30)
---------------------------------------------------------------------------------
Finished Part Resource Summary
---------------------------------------------------------------------------------
---------------------------------------------------------------------------------
Start Cross Boundary and Area Optimization
---------------------------------------------------------------------------------
Warning: Parallel synthesis criteria is not met 
---------------------------------------------------------------------------------
Finished Cross Boundary and Area Optimization : Time (s): cpu = 00:00:30 ; elapsed = 00:00:41 . Memory (MB): peak = 1755.598 ; gain = 453.297 ; free physical = 2152 ; free virtual = 8146
---------------------------------------------------------------------------------

Report RTL Partitions: 
+-+--------------+------------+----------+
| |RTL Partition |Replication |Instances |
+-+--------------+------------+----------+
+-+--------------+------------+----------+
---------------------------------------------------------------------------------
Start Applying XDC Timing Constraints
---------------------------------------------------------------------------------
---------------------------------------------------------------------------------
Finished Applying XDC Timing Constraints : Time (s): cpu = 00:00:38 ; elapsed = 00:00:51 . Memory (MB): peak = 1755.598 ; gain = 453.297 ; free physical = 2020 ; free virtual = 8020
---------------------------------------------------------------------------------
---------------------------------------------------------------------------------
Start Timing Optimization
---------------------------------------------------------------------------------
---------------------------------------------------------------------------------
Finished Timing Optimization : Time (s): cpu = 00:00:38 ; elapsed = 00:00:52 . Memory (MB): peak = 1755.598 ; gain = 453.297 ; free physical = 2018 ; free virtual = 8019
---------------------------------------------------------------------------------

Report RTL Partitions: 
+-+--------------+------------+----------+
| |RTL Partition |Replication |Instances |
+-+--------------+------------+----------+
+-+--------------+------------+----------+
---------------------------------------------------------------------------------
Start Technology Mapping
---------------------------------------------------------------------------------
---------------------------------------------------------------------------------
Finished Technology Mapping : Time (s): cpu = 00:00:38 ; elapsed = 00:00:52 . Memory (MB): peak = 1755.598 ; gain = 453.297 ; free physical = 2018 ; free virtual = 8019
---------------------------------------------------------------------------------

Report RTL Partitions: 
+-+--------------+------------+----------+
| |RTL Partition |Replication |Instances |
+-+--------------+------------+----------+
+-+--------------+------------+----------+
---------------------------------------------------------------------------------
Start IO Insertion
---------------------------------------------------------------------------------
---------------------------------------------------------------------------------
Start Flattening Before IO Insertion
---------------------------------------------------------------------------------
---------------------------------------------------------------------------------
Finished Flattening Before IO Insertion
---------------------------------------------------------------------------------
---------------------------------------------------------------------------------
Start Final Netlist Cleanup
---------------------------------------------------------------------------------
---------------------------------------------------------------------------------
Finished Final Netlist Cleanup
---------------------------------------------------------------------------------
---------------------------------------------------------------------------------
Finished IO Insertion : Time (s): cpu = 00:00:38 ; elapsed = 00:00:52 . Memory (MB): peak = 1755.598 ; gain = 453.297 ; free physical = 2019 ; free virtual = 8019
---------------------------------------------------------------------------------

Report Check Netlist: 
+------+------------------+-------+---------+-------+------------------+
|      |Item              |Errors |Warnings |Status |Description       |
+------+------------------+-------+---------+-------+------------------+
|1     |multi_driven_nets |      0|        0|Passed |Multi driven nets |
+------+------------------+-------+---------+-------+------------------+
---------------------------------------------------------------------------------
Start Renaming Generated Instances
---------------------------------------------------------------------------------
---------------------------------------------------------------------------------
Finished Renaming Generated Instances : Time (s): cpu = 00:00:38 ; elapsed = 00:00:52 . Memory (MB): peak = 1755.598 ; gain = 453.297 ; free physical = 2019 ; free virtual = 8019
---------------------------------------------------------------------------------

Report RTL Partitions: 
+-+--------------+------------+----------+
| |RTL Partition |Replication |Instances |
+-+--------------+------------+----------+
+-+--------------+------------+----------+
---------------------------------------------------------------------------------
Start Rebuilding User Hierarchy
---------------------------------------------------------------------------------
---------------------------------------------------------------------------------
Finished Rebuilding User Hierarchy : Time (s): cpu = 00:00:38 ; elapsed = 00:00:52 . Memory (MB): peak = 1755.598 ; gain = 453.297 ; free physical = 2019 ; free virtual = 8019
---------------------------------------------------------------------------------
---------------------------------------------------------------------------------
Start Renaming Generated Ports
---------------------------------------------------------------------------------
---------------------------------------------------------------------------------
Finished Renaming Generated Ports : Time (s): cpu = 00:00:38 ; elapsed = 00:00:52 . Memory (MB): peak = 1755.598 ; gain = 453.297 ; free physical = 2019 ; free virtual = 8019
---------------------------------------------------------------------------------
---------------------------------------------------------------------------------
Start Handling Custom Attributes
---------------------------------------------------------------------------------
---------------------------------------------------------------------------------
Finished Handling Custom Attributes : Time (s): cpu = 00:00:38 ; elapsed = 00:00:52 . Memory (MB): peak = 1755.598 ; gain = 453.297 ; free physical = 2019 ; free virtual = 8019
---------------------------------------------------------------------------------
---------------------------------------------------------------------------------
Start Renaming Generated Nets
---------------------------------------------------------------------------------
---------------------------------------------------------------------------------
Finished Renaming Generated Nets : Time (s): cpu = 00:00:38 ; elapsed = 00:00:52 . Memory (MB): peak = 1755.598 ; gain = 453.297 ; free physical = 2019 ; free virtual = 8019
---------------------------------------------------------------------------------
---------------------------------------------------------------------------------
Start Writing Synthesis Report
---------------------------------------------------------------------------------

Report BlackBoxes: 
+-+--------------+----------+
| |BlackBox name |Instances |
+-+--------------+----------+
+-+--------------+----------+

Report Cell Usage: 
+------+-------+------+
|      |Cell   |Count |
+------+-------+------+
|1     |BUFG   |     1|
|2     |CARRY4 |    22|
|3     |LUT1   |     7|
|4     |LUT2   |    57|
|5     |LUT3   |    11|
|6     |LUT4   |    17|
|7     |LUT5   |    13|
|8     |LUT6   |    17|
|9     |FDRE   |    83|
|10    |IBUF   |     2|
|11    |OBUF   |    11|
+------+-------+------+

Report Instance Areas: 
+------+------------+-------------+------+
|      |Instance    |Module       |Cells |
+------+------------+-------------+------+
|1     |top         |             |   241|
|2     |  BUTTON3   |debounce     |    46|
|3     |  CLKDIV    |clockdivider |    82|
|4     |  RGBLED_0G |PWMLED       |     1|
|5     |  RGBLED_0R |PWMLED_0     |    26|
|6     |  RGBLED_1R |PWMLED_1     |     1|
|7     |  RGBLED_2B |PWMLED_2     |     1|
|8     |  RGBLED_2G |PWMLED_3     |     1|
|9     |  RGBLED_2R |PWMLED_4     |     1|
|10    |  RGBLED_3G |PWMLED_5     |     1|
+------+------------+-------------+------+
---------------------------------------------------------------------------------
Finished Writing Synthesis Report : Time (s): cpu = 00:00:38 ; elapsed = 00:00:52 . Memory (MB): peak = 1755.598 ; gain = 453.297 ; free physical = 2019 ; free virtual = 8019
---------------------------------------------------------------------------------
Synthesis finished with 0 errors, 0 critical warnings and 0 warnings.
Synthesis Optimization Runtime : Time (s): cpu = 00:00:30 ; elapsed = 00:00:34 . Memory (MB): peak = 1755.598 ; gain = 131.461 ; free physical = 2069 ; free virtual = 8070
Synthesis Optimization Complete : Time (s): cpu = 00:00:39 ; elapsed = 00:00:52 . Memory (MB): peak = 1755.605 ; gain = 453.297 ; free physical = 2069 ; free virtual = 8070
INFO: [Project 1-571] Translating synthesized netlist
INFO: [Netlist 29-17] Analyzing 24 Unisim elements for replacement
INFO: [Netlist 29-28] Unisim Transformation completed in 0 CPU seconds
INFO: [Project 1-570] Preparing netlist for logic optimization
INFO: [Opt 31-138] Pushed 0 inverter(s) to 0 load pin(s).
INFO: [Project 1-111] Unisim Transformation Summary:
No Unisim elements were transformed.

INFO: [Common 17-83] Releasing license: Synthesis
36 Infos, 0 Warnings, 0 Critical Warnings and 0 Errors encountered.
synth_design completed successfully
synth_design: Time (s): cpu = 00:00:41 ; elapsed = 00:00:55 . Memory (MB): peak = 1755.605 ; gain = 465.906 ; free physical = 2068 ; free virtual = 8068
INFO: [Common 17-1381] The checkpoint '/home/aragorn/Documents/FPGA/traffic_lights_vhd/traffic_lights_vhd.runs/synth_1/main.dcp' has been generated.
INFO: [runtcl-4] Executing : report_utilization -file main_utilization_synth.rpt -pb main_utilization_synth.pb
report_utilization: Time (s): cpu = 00:00:00.03 ; elapsed = 00:00:00.03 . Memory (MB): peak = 1779.609 ; gain = 0.000 ; free physical = 2069 ; free virtual = 8070
INFO: [Common 17-206] Exiting Vivado at Wed Oct  3 14:35:25 2018...
