
*** Running vivado
    with args -log main.vds -m64 -product Vivado -mode batch -messageDb vivado.pb -notrace -source main.tcl


****** Vivado v2018.1 (64-bit)
  **** SW Build 2188600 on Wed Apr  4 18:39:19 MDT 2018
  **** IP Build 2185939 on Wed Apr  4 20:55:05 MDT 2018
    ** Copyright 1986-2018 Xilinx, Inc. All Rights Reserved.

Sourcing tcl script '/home/aragorn/.Xilinx/Vivado/Vivado_init.tcl'
source main.tcl -notrace
Command: synth_design -top main -part xc7a35ticsg324-1L
Starting synth_design
Attempting to get a license for feature 'Synthesis' and/or device 'xc7a35ti'
INFO: [Common 17-349] Got license for feature 'Synthesis' and/or device 'xc7a35ti'
INFO: Launching helper process for spawning children vivado processes
INFO: Helper process launched with PID 8738 
---------------------------------------------------------------------------------
Starting RTL Elaboration : Time (s): cpu = 00:00:09 ; elapsed = 00:00:10 . Memory (MB): peak = 1389.156 ; gain = 86.852 ; free physical = 2422 ; free virtual = 8370
---------------------------------------------------------------------------------
INFO: [Synth 8-638] synthesizing module 'main' [/home/aragorn/Documents/FPGA/colour_chooser2_vhd/colour_chooser2_vhd.srcs/sources_1/new/main.vhd:77]
INFO: [Synth 8-3491] module 'debounce' declared at '/home/aragorn/Documents/FPGA/colour_chooser2_vhd/colour_chooser2_vhd.srcs/sources_1/imports/FPGA/debounce.vhd:54' bound to instance 'BUTTON0' of component 'debounce' [/home/aragorn/Documents/FPGA/colour_chooser2_vhd/colour_chooser2_vhd.srcs/sources_1/new/main.vhd:110]
INFO: [Synth 8-638] synthesizing module 'debounce' [/home/aragorn/Documents/FPGA/colour_chooser2_vhd/colour_chooser2_vhd.srcs/sources_1/imports/FPGA/debounce.vhd:60]
INFO: [Synth 8-256] done synthesizing module 'debounce' (1#1) [/home/aragorn/Documents/FPGA/colour_chooser2_vhd/colour_chooser2_vhd.srcs/sources_1/imports/FPGA/debounce.vhd:60]
INFO: [Synth 8-3491] module 'debounce' declared at '/home/aragorn/Documents/FPGA/colour_chooser2_vhd/colour_chooser2_vhd.srcs/sources_1/imports/FPGA/debounce.vhd:54' bound to instance 'BUTTON1' of component 'debounce' [/home/aragorn/Documents/FPGA/colour_chooser2_vhd/colour_chooser2_vhd.srcs/sources_1/new/main.vhd:114]
INFO: [Synth 8-3491] module 'debounce' declared at '/home/aragorn/Documents/FPGA/colour_chooser2_vhd/colour_chooser2_vhd.srcs/sources_1/imports/FPGA/debounce.vhd:54' bound to instance 'BUTTON2' of component 'debounce' [/home/aragorn/Documents/FPGA/colour_chooser2_vhd/colour_chooser2_vhd.srcs/sources_1/new/main.vhd:118]
INFO: [Synth 8-3491] module 'debounce' declared at '/home/aragorn/Documents/FPGA/colour_chooser2_vhd/colour_chooser2_vhd.srcs/sources_1/imports/FPGA/debounce.vhd:54' bound to instance 'BUTTON3' of component 'debounce' [/home/aragorn/Documents/FPGA/colour_chooser2_vhd/colour_chooser2_vhd.srcs/sources_1/new/main.vhd:122]
INFO: [Synth 8-3491] module 'PWMLED' declared at '/home/aragorn/Documents/FPGA/colour_chooser2_vhd/colour_chooser2_vhd.srcs/sources_1/imports/FPGA/PWMLED.vhd:57' bound to instance 'RGBLED0_R' of component 'PWMLED' [/home/aragorn/Documents/FPGA/colour_chooser2_vhd/colour_chooser2_vhd.srcs/sources_1/new/main.vhd:209]
INFO: [Synth 8-638] synthesizing module 'PWMLED' [/home/aragorn/Documents/FPGA/colour_chooser2_vhd/colour_chooser2_vhd.srcs/sources_1/imports/FPGA/PWMLED.vhd:63]
INFO: [Synth 8-256] done synthesizing module 'PWMLED' (2#1) [/home/aragorn/Documents/FPGA/colour_chooser2_vhd/colour_chooser2_vhd.srcs/sources_1/imports/FPGA/PWMLED.vhd:63]
INFO: [Synth 8-3491] module 'PWMLED' declared at '/home/aragorn/Documents/FPGA/colour_chooser2_vhd/colour_chooser2_vhd.srcs/sources_1/imports/FPGA/PWMLED.vhd:57' bound to instance 'RGBLED0_G' of component 'PWMLED' [/home/aragorn/Documents/FPGA/colour_chooser2_vhd/colour_chooser2_vhd.srcs/sources_1/new/main.vhd:210]
INFO: [Synth 8-3491] module 'PWMLED' declared at '/home/aragorn/Documents/FPGA/colour_chooser2_vhd/colour_chooser2_vhd.srcs/sources_1/imports/FPGA/PWMLED.vhd:57' bound to instance 'RGBLED0_B' of component 'PWMLED' [/home/aragorn/Documents/FPGA/colour_chooser2_vhd/colour_chooser2_vhd.srcs/sources_1/new/main.vhd:211]
INFO: [Synth 8-3491] module 'PWMLED' declared at '/home/aragorn/Documents/FPGA/colour_chooser2_vhd/colour_chooser2_vhd.srcs/sources_1/imports/FPGA/PWMLED.vhd:57' bound to instance 'RGBLED1_R' of component 'PWMLED' [/home/aragorn/Documents/FPGA/colour_chooser2_vhd/colour_chooser2_vhd.srcs/sources_1/new/main.vhd:213]
INFO: [Synth 8-3491] module 'PWMLED' declared at '/home/aragorn/Documents/FPGA/colour_chooser2_vhd/colour_chooser2_vhd.srcs/sources_1/imports/FPGA/PWMLED.vhd:57' bound to instance 'RGBLED1_G' of component 'PWMLED' [/home/aragorn/Documents/FPGA/colour_chooser2_vhd/colour_chooser2_vhd.srcs/sources_1/new/main.vhd:214]
INFO: [Synth 8-3491] module 'PWMLED' declared at '/home/aragorn/Documents/FPGA/colour_chooser2_vhd/colour_chooser2_vhd.srcs/sources_1/imports/FPGA/PWMLED.vhd:57' bound to instance 'RGBLED1_B' of component 'PWMLED' [/home/aragorn/Documents/FPGA/colour_chooser2_vhd/colour_chooser2_vhd.srcs/sources_1/new/main.vhd:215]
INFO: [Synth 8-3491] module 'PWMLED' declared at '/home/aragorn/Documents/FPGA/colour_chooser2_vhd/colour_chooser2_vhd.srcs/sources_1/imports/FPGA/PWMLED.vhd:57' bound to instance 'RGBLED2_R' of component 'PWMLED' [/home/aragorn/Documents/FPGA/colour_chooser2_vhd/colour_chooser2_vhd.srcs/sources_1/new/main.vhd:217]
INFO: [Synth 8-3491] module 'PWMLED' declared at '/home/aragorn/Documents/FPGA/colour_chooser2_vhd/colour_chooser2_vhd.srcs/sources_1/imports/FPGA/PWMLED.vhd:57' bound to instance 'RGBLED2_G' of component 'PWMLED' [/home/aragorn/Documents/FPGA/colour_chooser2_vhd/colour_chooser2_vhd.srcs/sources_1/new/main.vhd:218]
INFO: [Synth 8-3491] module 'PWMLED' declared at '/home/aragorn/Documents/FPGA/colour_chooser2_vhd/colour_chooser2_vhd.srcs/sources_1/imports/FPGA/PWMLED.vhd:57' bound to instance 'RGBLED2_B' of component 'PWMLED' [/home/aragorn/Documents/FPGA/colour_chooser2_vhd/colour_chooser2_vhd.srcs/sources_1/new/main.vhd:219]
INFO: [Synth 8-3491] module 'PWMLED' declared at '/home/aragorn/Documents/FPGA/colour_chooser2_vhd/colour_chooser2_vhd.srcs/sources_1/imports/FPGA/PWMLED.vhd:57' bound to instance 'RGBLED3_R' of component 'PWMLED' [/home/aragorn/Documents/FPGA/colour_chooser2_vhd/colour_chooser2_vhd.srcs/sources_1/new/main.vhd:221]
INFO: [Synth 8-3491] module 'PWMLED' declared at '/home/aragorn/Documents/FPGA/colour_chooser2_vhd/colour_chooser2_vhd.srcs/sources_1/imports/FPGA/PWMLED.vhd:57' bound to instance 'RGBLED3_G' of component 'PWMLED' [/home/aragorn/Documents/FPGA/colour_chooser2_vhd/colour_chooser2_vhd.srcs/sources_1/new/main.vhd:222]
INFO: [Synth 8-3491] module 'PWMLED' declared at '/home/aragorn/Documents/FPGA/colour_chooser2_vhd/colour_chooser2_vhd.srcs/sources_1/imports/FPGA/PWMLED.vhd:57' bound to instance 'RGBLED3_B' of component 'PWMLED' [/home/aragorn/Documents/FPGA/colour_chooser2_vhd/colour_chooser2_vhd.srcs/sources_1/new/main.vhd:223]
INFO: [Synth 8-256] done synthesizing module 'main' (3#1) [/home/aragorn/Documents/FPGA/colour_chooser2_vhd/colour_chooser2_vhd.srcs/sources_1/new/main.vhd:77]
---------------------------------------------------------------------------------
Finished RTL Elaboration : Time (s): cpu = 00:00:10 ; elapsed = 00:00:11 . Memory (MB): peak = 1433.766 ; gain = 131.461 ; free physical = 2432 ; free virtual = 8381
---------------------------------------------------------------------------------

Report Check Netlist: 
+------+------------------+-------+---------+-------+------------------+
|      |Item              |Errors |Warnings |Status |Description       |
+------+------------------+-------+---------+-------+------------------+
|1     |multi_driven_nets |      0|        0|Passed |Multi driven nets |
+------+------------------+-------+---------+-------+------------------+
---------------------------------------------------------------------------------
Start Handling Custom Attributes
---------------------------------------------------------------------------------
---------------------------------------------------------------------------------
Finished Handling Custom Attributes : Time (s): cpu = 00:00:11 ; elapsed = 00:00:11 . Memory (MB): peak = 1433.766 ; gain = 131.461 ; free physical = 2432 ; free virtual = 8381
---------------------------------------------------------------------------------
---------------------------------------------------------------------------------
Finished RTL Optimization Phase 1 : Time (s): cpu = 00:00:11 ; elapsed = 00:00:11 . Memory (MB): peak = 1433.766 ; gain = 131.461 ; free physical = 2432 ; free virtual = 8381
---------------------------------------------------------------------------------
INFO: [Device 21-403] Loading part xc7a35ticsg324-1L
INFO: [Project 1-570] Preparing netlist for logic optimization

Processing XDC Constraints
Initializing timing engine
Parsing XDC File [/home/aragorn/Documents/FPGA/colour_chooser2_vhd/colour_chooser2_vhd.srcs/constrs_1/imports/Digilent_XDC/Arty-A7-35-Master.xdc]
Finished Parsing XDC File [/home/aragorn/Documents/FPGA/colour_chooser2_vhd/colour_chooser2_vhd.srcs/constrs_1/imports/Digilent_XDC/Arty-A7-35-Master.xdc]
INFO: [Project 1-236] Implementation specific constraints were found while reading constraint file [/home/aragorn/Documents/FPGA/colour_chooser2_vhd/colour_chooser2_vhd.srcs/constrs_1/imports/Digilent_XDC/Arty-A7-35-Master.xdc]. These constraints will be ignored for synthesis but will be used in implementation. Impacted constraints are listed in the file [.Xil/main_propImpl.xdc].
Resolution: To avoid this warning, move constraints listed in [.Xil/main_propImpl.xdc] to another XDC file and exclude this new file from synthesis with the used_in_synthesis property (File Properties dialog in GUI) and re-run elaboration/synthesis.
Completed Processing XDC Constraints

INFO: [Project 1-111] Unisim Transformation Summary:
No Unisim elements were transformed.

Constraint Validation Runtime : Time (s): cpu = 00:00:00 ; elapsed = 00:00:00 . Memory (MB): peak = 1755.609 ; gain = 0.000 ; free physical = 2182 ; free virtual = 8132
---------------------------------------------------------------------------------
Finished Constraint Validation : Time (s): cpu = 00:00:29 ; elapsed = 00:00:40 . Memory (MB): peak = 1755.609 ; gain = 453.305 ; free physical = 2253 ; free virtual = 8202
---------------------------------------------------------------------------------
---------------------------------------------------------------------------------
Start Loading Part and Timing Information
---------------------------------------------------------------------------------
Loading part: xc7a35ticsg324-1L
---------------------------------------------------------------------------------
Finished Loading Part and Timing Information : Time (s): cpu = 00:00:29 ; elapsed = 00:00:40 . Memory (MB): peak = 1755.609 ; gain = 453.305 ; free physical = 2253 ; free virtual = 8202
---------------------------------------------------------------------------------
---------------------------------------------------------------------------------
Start Applying 'set_property' XDC Constraints
---------------------------------------------------------------------------------
---------------------------------------------------------------------------------
Finished applying 'set_property' XDC Constraints : Time (s): cpu = 00:00:29 ; elapsed = 00:00:40 . Memory (MB): peak = 1755.609 ; gain = 453.305 ; free physical = 2255 ; free virtual = 8204
---------------------------------------------------------------------------------
---------------------------------------------------------------------------------
Finished RTL Optimization Phase 2 : Time (s): cpu = 00:00:29 ; elapsed = 00:00:40 . Memory (MB): peak = 1755.609 ; gain = 453.305 ; free physical = 2245 ; free virtual = 8195
---------------------------------------------------------------------------------

Report RTL Partitions: 
+-+--------------+------------+----------+
| |RTL Partition |Replication |Instances |
+-+--------------+------------+----------+
+-+--------------+------------+----------+
---------------------------------------------------------------------------------
Start RTL Component Statistics 
---------------------------------------------------------------------------------
Detailed RTL Component Info : 
+---Adders : 
	   2 Input      8 Bit       Adders := 12    
	   2 Input      7 Bit       Adders := 12    
+---Registers : 
	                8 Bit    Registers := 12    
	                7 Bit    Registers := 12    
	                1 Bit    Registers := 24    
+---Muxes : 
	   2 Input      7 Bit        Muxes := 24    
	   2 Input      1 Bit        Muxes := 16    
---------------------------------------------------------------------------------
Finished RTL Component Statistics 
---------------------------------------------------------------------------------
---------------------------------------------------------------------------------
Start RTL Hierarchical Component Statistics 
---------------------------------------------------------------------------------
Hierarchical RTL Component report 
Module main 
Detailed RTL Component Info : 
+---Adders : 
	   2 Input      7 Bit       Adders := 12    
+---Registers : 
	                7 Bit    Registers := 12    
+---Muxes : 
	   2 Input      7 Bit        Muxes := 24    
	   2 Input      1 Bit        Muxes := 16    
Module debounce 
Detailed RTL Component Info : 
+---Registers : 
	                1 Bit    Registers := 3     
Module PWMLED 
Detailed RTL Component Info : 
+---Adders : 
	   2 Input      8 Bit       Adders := 1     
+---Registers : 
	                8 Bit    Registers := 1     
	                1 Bit    Registers := 1     
---------------------------------------------------------------------------------
Finished RTL Hierarchical Component Statistics
---------------------------------------------------------------------------------
---------------------------------------------------------------------------------
Start Part Resource Summary
---------------------------------------------------------------------------------
Part Resources:
DSPs: 90 (col length:60)
BRAMs: 100 (col length: RAMB18 60 RAMB36 30)
---------------------------------------------------------------------------------
Finished Part Resource Summary
---------------------------------------------------------------------------------
---------------------------------------------------------------------------------
Start Cross Boundary and Area Optimization
---------------------------------------------------------------------------------
Warning: Parallel synthesis criteria is not met 
---------------------------------------------------------------------------------
Finished Cross Boundary and Area Optimization : Time (s): cpu = 00:00:30 ; elapsed = 00:00:42 . Memory (MB): peak = 1755.609 ; gain = 453.305 ; free physical = 2230 ; free virtual = 8181
---------------------------------------------------------------------------------

Report RTL Partitions: 
+-+--------------+------------+----------+
| |RTL Partition |Replication |Instances |
+-+--------------+------------+----------+
+-+--------------+------------+----------+
---------------------------------------------------------------------------------
Start Applying XDC Timing Constraints
---------------------------------------------------------------------------------
---------------------------------------------------------------------------------
Finished Applying XDC Timing Constraints : Time (s): cpu = 00:00:37 ; elapsed = 00:00:51 . Memory (MB): peak = 1755.609 ; gain = 453.305 ; free physical = 2107 ; free virtual = 8058
---------------------------------------------------------------------------------
---------------------------------------------------------------------------------
Start Timing Optimization
---------------------------------------------------------------------------------
---------------------------------------------------------------------------------
Finished Timing Optimization : Time (s): cpu = 00:00:38 ; elapsed = 00:00:52 . Memory (MB): peak = 1755.609 ; gain = 453.305 ; free physical = 2105 ; free virtual = 8056
---------------------------------------------------------------------------------

Report RTL Partitions: 
+-+--------------+------------+----------+
| |RTL Partition |Replication |Instances |
+-+--------------+------------+----------+
+-+--------------+------------+----------+
---------------------------------------------------------------------------------
Start Technology Mapping
---------------------------------------------------------------------------------
WARNING: [Synth 8-3332] Sequential element (duty_0r_reg[0]) is unused and will be removed from module main.
WARNING: [Synth 8-3332] Sequential element (duty_0g_reg[0]) is unused and will be removed from module main.
WARNING: [Synth 8-3332] Sequential element (duty_0b_reg[0]) is unused and will be removed from module main.
WARNING: [Synth 8-3332] Sequential element (duty_1r_reg[0]) is unused and will be removed from module main.
WARNING: [Synth 8-3332] Sequential element (duty_1g_reg[0]) is unused and will be removed from module main.
WARNING: [Synth 8-3332] Sequential element (duty_1b_reg[0]) is unused and will be removed from module main.
WARNING: [Synth 8-3332] Sequential element (duty_2r_reg[0]) is unused and will be removed from module main.
WARNING: [Synth 8-3332] Sequential element (duty_2g_reg[0]) is unused and will be removed from module main.
WARNING: [Synth 8-3332] Sequential element (duty_2b_reg[0]) is unused and will be removed from module main.
WARNING: [Synth 8-3332] Sequential element (duty_3r_reg[0]) is unused and will be removed from module main.
WARNING: [Synth 8-3332] Sequential element (duty_3g_reg[0]) is unused and will be removed from module main.
WARNING: [Synth 8-3332] Sequential element (duty_3b_reg[0]) is unused and will be removed from module main.
---------------------------------------------------------------------------------
Finished Technology Mapping : Time (s): cpu = 00:00:38 ; elapsed = 00:00:52 . Memory (MB): peak = 1755.609 ; gain = 453.305 ; free physical = 2103 ; free virtual = 8055
---------------------------------------------------------------------------------

Report RTL Partitions: 
+-+--------------+------------+----------+
| |RTL Partition |Replication |Instances |
+-+--------------+------------+----------+
+-+--------------+------------+----------+
---------------------------------------------------------------------------------
Start IO Insertion
---------------------------------------------------------------------------------
---------------------------------------------------------------------------------
Start Flattening Before IO Insertion
---------------------------------------------------------------------------------
---------------------------------------------------------------------------------
Finished Flattening Before IO Insertion
---------------------------------------------------------------------------------
---------------------------------------------------------------------------------
Start Final Netlist Cleanup
---------------------------------------------------------------------------------
---------------------------------------------------------------------------------
Finished Final Netlist Cleanup
---------------------------------------------------------------------------------
---------------------------------------------------------------------------------
Finished IO Insertion : Time (s): cpu = 00:00:38 ; elapsed = 00:00:53 . Memory (MB): peak = 1755.609 ; gain = 453.305 ; free physical = 2103 ; free virtual = 8055
---------------------------------------------------------------------------------

Report Check Netlist: 
+------+------------------+-------+---------+-------+------------------+
|      |Item              |Errors |Warnings |Status |Description       |
+------+------------------+-------+---------+-------+------------------+
|1     |multi_driven_nets |      0|        0|Passed |Multi driven nets |
+------+------------------+-------+---------+-------+------------------+
---------------------------------------------------------------------------------
Start Renaming Generated Instances
---------------------------------------------------------------------------------
---------------------------------------------------------------------------------
Finished Renaming Generated Instances : Time (s): cpu = 00:00:38 ; elapsed = 00:00:53 . Memory (MB): peak = 1755.609 ; gain = 453.305 ; free physical = 2103 ; free virtual = 8055
---------------------------------------------------------------------------------

Report RTL Partitions: 
+-+--------------+------------+----------+
| |RTL Partition |Replication |Instances |
+-+--------------+------------+----------+
+-+--------------+------------+----------+
---------------------------------------------------------------------------------
Start Rebuilding User Hierarchy
---------------------------------------------------------------------------------
---------------------------------------------------------------------------------
Finished Rebuilding User Hierarchy : Time (s): cpu = 00:00:39 ; elapsed = 00:00:53 . Memory (MB): peak = 1755.609 ; gain = 453.305 ; free physical = 2103 ; free virtual = 8055
---------------------------------------------------------------------------------
---------------------------------------------------------------------------------
Start Renaming Generated Ports
---------------------------------------------------------------------------------
---------------------------------------------------------------------------------
Finished Renaming Generated Ports : Time (s): cpu = 00:00:39 ; elapsed = 00:00:53 . Memory (MB): peak = 1755.609 ; gain = 453.305 ; free physical = 2103 ; free virtual = 8055
---------------------------------------------------------------------------------
---------------------------------------------------------------------------------
Start Handling Custom Attributes
---------------------------------------------------------------------------------
---------------------------------------------------------------------------------
Finished Handling Custom Attributes : Time (s): cpu = 00:00:39 ; elapsed = 00:00:53 . Memory (MB): peak = 1755.609 ; gain = 453.305 ; free physical = 2103 ; free virtual = 8055
---------------------------------------------------------------------------------
---------------------------------------------------------------------------------
Start Renaming Generated Nets
---------------------------------------------------------------------------------
---------------------------------------------------------------------------------
Finished Renaming Generated Nets : Time (s): cpu = 00:00:39 ; elapsed = 00:00:53 . Memory (MB): peak = 1755.609 ; gain = 453.305 ; free physical = 2103 ; free virtual = 8055
---------------------------------------------------------------------------------
---------------------------------------------------------------------------------
Start Writing Synthesis Report
---------------------------------------------------------------------------------

Report BlackBoxes: 
+-+--------------+----------+
| |BlackBox name |Instances |
+-+--------------+----------+
+-+--------------+----------+

Report Cell Usage: 
+------+-------+------+
|      |Cell   |Count |
+------+-------+------+
|1     |BUFG   |     1|
|2     |CARRY4 |    44|
|3     |LUT1   |    17|
|4     |LUT2   |    82|
|5     |LUT3   |    57|
|6     |LUT4   |    61|
|7     |LUT5   |    37|
|8     |LUT6   |    14|
|9     |FDRE   |   176|
|10    |IBUF   |     9|
|11    |OBUF   |    12|
+------+-------+------+

Report Instance Areas: 
+------+------------+-----------+------+
|      |Instance    |Module     |Cells |
+------+------------+-----------+------+
|1     |top         |           |   510|
|2     |  BUTTON0   |debounce   |    46|
|3     |  BUTTON1   |debounce_0 |    46|
|4     |  BUTTON2   |debounce_1 |    46|
|5     |  BUTTON3   |debounce_2 |    69|
|6     |  RGBLED0_B |PWMLED     |     2|
|7     |  RGBLED0_G |PWMLED_3   |     2|
|8     |  RGBLED0_R |PWMLED_4   |   115|
|9     |  RGBLED1_B |PWMLED_5   |     2|
|10    |  RGBLED1_G |PWMLED_6   |     2|
|11    |  RGBLED1_R |PWMLED_7   |     2|
|12    |  RGBLED2_B |PWMLED_8   |     2|
|13    |  RGBLED2_G |PWMLED_9   |     2|
|14    |  RGBLED2_R |PWMLED_10  |     2|
|15    |  RGBLED3_B |PWMLED_11  |     2|
|16    |  RGBLED3_G |PWMLED_12  |     2|
|17    |  RGBLED3_R |PWMLED_13  |     2|
+------+------------+-----------+------+
---------------------------------------------------------------------------------
Finished Writing Synthesis Report : Time (s): cpu = 00:00:39 ; elapsed = 00:00:53 . Memory (MB): peak = 1755.609 ; gain = 453.305 ; free physical = 2103 ; free virtual = 8055
---------------------------------------------------------------------------------
Synthesis finished with 0 errors, 0 critical warnings and 12 warnings.
Synthesis Optimization Runtime : Time (s): cpu = 00:00:30 ; elapsed = 00:00:34 . Memory (MB): peak = 1755.609 ; gain = 131.461 ; free physical = 2156 ; free virtual = 8107
Synthesis Optimization Complete : Time (s): cpu = 00:00:39 ; elapsed = 00:00:53 . Memory (MB): peak = 1755.617 ; gain = 453.305 ; free physical = 2156 ; free virtual = 8107
INFO: [Project 1-571] Translating synthesized netlist
INFO: [Netlist 29-17] Analyzing 53 Unisim elements for replacement
INFO: [Netlist 29-28] Unisim Transformation completed in 0 CPU seconds
INFO: [Project 1-570] Preparing netlist for logic optimization
INFO: [Opt 31-138] Pushed 0 inverter(s) to 0 load pin(s).
INFO: [Project 1-111] Unisim Transformation Summary:
No Unisim elements were transformed.

INFO: [Common 17-83] Releasing license: Synthesis
34 Infos, 12 Warnings, 0 Critical Warnings and 0 Errors encountered.
synth_design completed successfully
synth_design: Time (s): cpu = 00:00:41 ; elapsed = 00:00:55 . Memory (MB): peak = 1755.617 ; gain = 465.914 ; free physical = 2156 ; free virtual = 8107
INFO: [Common 17-1381] The checkpoint '/home/aragorn/Documents/FPGA/colour_chooser2_vhd/colour_chooser2_vhd.runs/synth_1/main.dcp' has been generated.
INFO: [runtcl-4] Executing : report_utilization -file main_utilization_synth.rpt -pb main_utilization_synth.pb
report_utilization: Time (s): cpu = 00:00:00.03 ; elapsed = 00:00:00.02 . Memory (MB): peak = 1779.621 ; gain = 0.000 ; free physical = 2156 ; free virtual = 8108
INFO: [Common 17-206] Exiting Vivado at Thu Oct  4 14:25:16 2018...
