
*** Running vivado
    with args -log main.vds -m64 -product Vivado -mode batch -messageDb vivado.pb -notrace -source main.tcl


****** Vivado v2018.1 (64-bit)
  **** SW Build 2188600 on Wed Apr  4 18:39:19 MDT 2018
  **** IP Build 2185939 on Wed Apr  4 20:55:05 MDT 2018
    ** Copyright 1986-2018 Xilinx, Inc. All Rights Reserved.

Sourcing tcl script '/home/aragorn/.Xilinx/Vivado/Vivado_init.tcl'
source main.tcl -notrace
Command: synth_design -top main -part xc7a35ticsg324-1L
Starting synth_design
Attempting to get a license for feature 'Synthesis' and/or device 'xc7a35ti'
INFO: [Common 17-349] Got license for feature 'Synthesis' and/or device 'xc7a35ti'
INFO: Launching helper process for spawning children vivado processes
INFO: Helper process launched with PID 4728 
---------------------------------------------------------------------------------
Starting RTL Elaboration : Time (s): cpu = 00:00:10 ; elapsed = 00:00:10 . Memory (MB): peak = 1389.156 ; gain = 86.852 ; free physical = 2289 ; free virtual = 8226
---------------------------------------------------------------------------------
INFO: [Synth 8-638] synthesizing module 'main' [/home/aragorn/Documents/FPGA/led_brightness_vhd/led_brightness_vhd.srcs/sources_1/new/main.vhd:48]
INFO: [Synth 8-3491] module 'debounce' declared at '/home/aragorn/Documents/FPGA/led_brightness_vhd/led_brightness_vhd.srcs/sources_1/imports/FPGA/debounce.vhd:35' bound to instance 'BUTTON0' of component 'debounce' [/home/aragorn/Documents/FPGA/led_brightness_vhd/led_brightness_vhd.srcs/sources_1/new/main.vhd:70]
INFO: [Synth 8-638] synthesizing module 'debounce' [/home/aragorn/Documents/FPGA/led_brightness_vhd/led_brightness_vhd.srcs/sources_1/imports/FPGA/debounce.vhd:41]
INFO: [Synth 8-256] done synthesizing module 'debounce' (1#1) [/home/aragorn/Documents/FPGA/led_brightness_vhd/led_brightness_vhd.srcs/sources_1/imports/FPGA/debounce.vhd:41]
INFO: [Synth 8-3491] module 'debounce' declared at '/home/aragorn/Documents/FPGA/led_brightness_vhd/led_brightness_vhd.srcs/sources_1/imports/FPGA/debounce.vhd:35' bound to instance 'BUTTON1' of component 'debounce' [/home/aragorn/Documents/FPGA/led_brightness_vhd/led_brightness_vhd.srcs/sources_1/new/main.vhd:72]
INFO: [Synth 8-3491] module 'PWMLED' declared at '/home/aragorn/Documents/FPGA/led_brightness_vhd/led_brightness_vhd.srcs/sources_1/imports/FPGA/PWMLED.vhd:38' bound to instance 'LED0' of component 'PWMLED' [/home/aragorn/Documents/FPGA/led_brightness_vhd/led_brightness_vhd.srcs/sources_1/new/main.vhd:92]
INFO: [Synth 8-638] synthesizing module 'PWMLED' [/home/aragorn/Documents/FPGA/led_brightness_vhd/led_brightness_vhd.srcs/sources_1/imports/FPGA/PWMLED.vhd:44]
INFO: [Synth 8-256] done synthesizing module 'PWMLED' (2#1) [/home/aragorn/Documents/FPGA/led_brightness_vhd/led_brightness_vhd.srcs/sources_1/imports/FPGA/PWMLED.vhd:44]
INFO: [Synth 8-3491] module 'PWMLED' declared at '/home/aragorn/Documents/FPGA/led_brightness_vhd/led_brightness_vhd.srcs/sources_1/imports/FPGA/PWMLED.vhd:38' bound to instance 'LED1' of component 'PWMLED' [/home/aragorn/Documents/FPGA/led_brightness_vhd/led_brightness_vhd.srcs/sources_1/new/main.vhd:93]
INFO: [Synth 8-3491] module 'PWMLED' declared at '/home/aragorn/Documents/FPGA/led_brightness_vhd/led_brightness_vhd.srcs/sources_1/imports/FPGA/PWMLED.vhd:38' bound to instance 'LED2' of component 'PWMLED' [/home/aragorn/Documents/FPGA/led_brightness_vhd/led_brightness_vhd.srcs/sources_1/new/main.vhd:94]
INFO: [Synth 8-3491] module 'PWMLED' declared at '/home/aragorn/Documents/FPGA/led_brightness_vhd/led_brightness_vhd.srcs/sources_1/imports/FPGA/PWMLED.vhd:38' bound to instance 'LED3' of component 'PWMLED' [/home/aragorn/Documents/FPGA/led_brightness_vhd/led_brightness_vhd.srcs/sources_1/new/main.vhd:95]
INFO: [Synth 8-256] done synthesizing module 'main' (3#1) [/home/aragorn/Documents/FPGA/led_brightness_vhd/led_brightness_vhd.srcs/sources_1/new/main.vhd:48]
---------------------------------------------------------------------------------
Finished RTL Elaboration : Time (s): cpu = 00:00:10 ; elapsed = 00:00:11 . Memory (MB): peak = 1433.766 ; gain = 131.461 ; free physical = 2301 ; free virtual = 8238
---------------------------------------------------------------------------------

Report Check Netlist: 
+------+------------------+-------+---------+-------+------------------+
|      |Item              |Errors |Warnings |Status |Description       |
+------+------------------+-------+---------+-------+------------------+
|1     |multi_driven_nets |      0|        0|Passed |Multi driven nets |
+------+------------------+-------+---------+-------+------------------+
---------------------------------------------------------------------------------
Start Handling Custom Attributes
---------------------------------------------------------------------------------
---------------------------------------------------------------------------------
Finished Handling Custom Attributes : Time (s): cpu = 00:00:11 ; elapsed = 00:00:11 . Memory (MB): peak = 1433.766 ; gain = 131.461 ; free physical = 2301 ; free virtual = 8237
---------------------------------------------------------------------------------
---------------------------------------------------------------------------------
Finished RTL Optimization Phase 1 : Time (s): cpu = 00:00:11 ; elapsed = 00:00:11 . Memory (MB): peak = 1433.766 ; gain = 131.461 ; free physical = 2301 ; free virtual = 8237
---------------------------------------------------------------------------------
INFO: [Device 21-403] Loading part xc7a35ticsg324-1L
INFO: [Project 1-570] Preparing netlist for logic optimization

Processing XDC Constraints
Initializing timing engine
Parsing XDC File [/home/aragorn/Documents/FPGA/led_brightness_vhd/led_brightness_vhd.srcs/constrs_1/imports/Digilent_XDC/Arty-A7-35-Master.xdc]
Finished Parsing XDC File [/home/aragorn/Documents/FPGA/led_brightness_vhd/led_brightness_vhd.srcs/constrs_1/imports/Digilent_XDC/Arty-A7-35-Master.xdc]
INFO: [Project 1-236] Implementation specific constraints were found while reading constraint file [/home/aragorn/Documents/FPGA/led_brightness_vhd/led_brightness_vhd.srcs/constrs_1/imports/Digilent_XDC/Arty-A7-35-Master.xdc]. These constraints will be ignored for synthesis but will be used in implementation. Impacted constraints are listed in the file [.Xil/main_propImpl.xdc].
Resolution: To avoid this warning, move constraints listed in [.Xil/main_propImpl.xdc] to another XDC file and exclude this new file from synthesis with the used_in_synthesis property (File Properties dialog in GUI) and re-run elaboration/synthesis.
Completed Processing XDC Constraints

INFO: [Project 1-111] Unisim Transformation Summary:
No Unisim elements were transformed.

Constraint Validation Runtime : Time (s): cpu = 00:00:00 ; elapsed = 00:00:00 . Memory (MB): peak = 1754.070 ; gain = 0.000 ; free physical = 2051 ; free virtual = 7988
---------------------------------------------------------------------------------
Finished Constraint Validation : Time (s): cpu = 00:00:29 ; elapsed = 00:00:40 . Memory (MB): peak = 1754.070 ; gain = 451.766 ; free physical = 2123 ; free virtual = 8061
---------------------------------------------------------------------------------
---------------------------------------------------------------------------------
Start Loading Part and Timing Information
---------------------------------------------------------------------------------
Loading part: xc7a35ticsg324-1L
---------------------------------------------------------------------------------
Finished Loading Part and Timing Information : Time (s): cpu = 00:00:29 ; elapsed = 00:00:40 . Memory (MB): peak = 1754.070 ; gain = 451.766 ; free physical = 2123 ; free virtual = 8061
---------------------------------------------------------------------------------
---------------------------------------------------------------------------------
Start Applying 'set_property' XDC Constraints
---------------------------------------------------------------------------------
---------------------------------------------------------------------------------
Finished applying 'set_property' XDC Constraints : Time (s): cpu = 00:00:29 ; elapsed = 00:00:40 . Memory (MB): peak = 1754.070 ; gain = 451.766 ; free physical = 2125 ; free virtual = 8062
---------------------------------------------------------------------------------
---------------------------------------------------------------------------------
Finished RTL Optimization Phase 2 : Time (s): cpu = 00:00:29 ; elapsed = 00:00:40 . Memory (MB): peak = 1754.070 ; gain = 451.766 ; free physical = 2115 ; free virtual = 8053
---------------------------------------------------------------------------------
INFO: [Synth 8-223] decloning instance 'LED0' (PWMLED) to 'LED1'
INFO: [Synth 8-223] decloning instance 'LED0' (PWMLED) to 'LED2'
INFO: [Synth 8-223] decloning instance 'LED0' (PWMLED) to 'LED3'

Report RTL Partitions: 
+-+--------------+------------+----------+
| |RTL Partition |Replication |Instances |
+-+--------------+------------+----------+
+-+--------------+------------+----------+
---------------------------------------------------------------------------------
Start RTL Component Statistics 
---------------------------------------------------------------------------------
Detailed RTL Component Info : 
+---Adders : 
	   2 Input      8 Bit       Adders := 1     
	   2 Input      7 Bit       Adders := 1     
+---Registers : 
	                8 Bit    Registers := 1     
	                7 Bit    Registers := 1     
	                1 Bit    Registers := 7     
+---Muxes : 
	   2 Input      4 Bit        Muxes := 1     
	   2 Input      1 Bit        Muxes := 1     
---------------------------------------------------------------------------------
Finished RTL Component Statistics 
---------------------------------------------------------------------------------
---------------------------------------------------------------------------------
Start RTL Hierarchical Component Statistics 
---------------------------------------------------------------------------------
Hierarchical RTL Component report 
Module main 
Detailed RTL Component Info : 
+---Adders : 
	   2 Input      7 Bit       Adders := 1     
+---Registers : 
	                7 Bit    Registers := 1     
+---Muxes : 
	   2 Input      4 Bit        Muxes := 1     
	   2 Input      1 Bit        Muxes := 1     
Module debounce 
Detailed RTL Component Info : 
+---Registers : 
	                1 Bit    Registers := 3     
Module PWMLED 
Detailed RTL Component Info : 
+---Adders : 
	   2 Input      8 Bit       Adders := 1     
+---Registers : 
	                8 Bit    Registers := 1     
	                1 Bit    Registers := 1     
---------------------------------------------------------------------------------
Finished RTL Hierarchical Component Statistics
---------------------------------------------------------------------------------
---------------------------------------------------------------------------------
Start Part Resource Summary
---------------------------------------------------------------------------------
Part Resources:
DSPs: 90 (col length:60)
BRAMs: 100 (col length: RAMB18 60 RAMB36 30)
---------------------------------------------------------------------------------
Finished Part Resource Summary
---------------------------------------------------------------------------------
---------------------------------------------------------------------------------
Start Cross Boundary and Area Optimization
---------------------------------------------------------------------------------
Warning: Parallel synthesis criteria is not met 
INFO: [Synth 8-3333] propagating constant 0 across sequential element (p_0_out_inferred/\duty_led_reg[0] )
INFO: [Synth 8-3333] propagating constant 0 across sequential element (p_0_out_inferred/\duty_led_reg[1] )
---------------------------------------------------------------------------------
Finished Cross Boundary and Area Optimization : Time (s): cpu = 00:00:29 ; elapsed = 00:00:41 . Memory (MB): peak = 1754.070 ; gain = 451.766 ; free physical = 2106 ; free virtual = 8045
---------------------------------------------------------------------------------

Report RTL Partitions: 
+-+--------------+------------+----------+
| |RTL Partition |Replication |Instances |
+-+--------------+------------+----------+
+-+--------------+------------+----------+
---------------------------------------------------------------------------------
Start Applying XDC Timing Constraints
---------------------------------------------------------------------------------
---------------------------------------------------------------------------------
Finished Applying XDC Timing Constraints : Time (s): cpu = 00:00:37 ; elapsed = 00:00:51 . Memory (MB): peak = 1754.070 ; gain = 451.766 ; free physical = 1983 ; free virtual = 7921
---------------------------------------------------------------------------------
---------------------------------------------------------------------------------
Start Timing Optimization
---------------------------------------------------------------------------------
---------------------------------------------------------------------------------
Finished Timing Optimization : Time (s): cpu = 00:00:37 ; elapsed = 00:00:51 . Memory (MB): peak = 1754.070 ; gain = 451.766 ; free physical = 1982 ; free virtual = 7920
---------------------------------------------------------------------------------

Report RTL Partitions: 
+-+--------------+------------+----------+
| |RTL Partition |Replication |Instances |
+-+--------------+------------+----------+
+-+--------------+------------+----------+
---------------------------------------------------------------------------------
Start Technology Mapping
---------------------------------------------------------------------------------
---------------------------------------------------------------------------------
Finished Technology Mapping : Time (s): cpu = 00:00:37 ; elapsed = 00:00:51 . Memory (MB): peak = 1754.070 ; gain = 451.766 ; free physical = 1981 ; free virtual = 7920
---------------------------------------------------------------------------------

Report RTL Partitions: 
+-+--------------+------------+----------+
| |RTL Partition |Replication |Instances |
+-+--------------+------------+----------+
+-+--------------+------------+----------+
---------------------------------------------------------------------------------
Start IO Insertion
---------------------------------------------------------------------------------
---------------------------------------------------------------------------------
Start Flattening Before IO Insertion
---------------------------------------------------------------------------------
---------------------------------------------------------------------------------
Finished Flattening Before IO Insertion
---------------------------------------------------------------------------------
---------------------------------------------------------------------------------
Start Final Netlist Cleanup
---------------------------------------------------------------------------------
---------------------------------------------------------------------------------
Finished Final Netlist Cleanup
---------------------------------------------------------------------------------
---------------------------------------------------------------------------------
Finished IO Insertion : Time (s): cpu = 00:00:38 ; elapsed = 00:00:51 . Memory (MB): peak = 1754.070 ; gain = 451.766 ; free physical = 1981 ; free virtual = 7920
---------------------------------------------------------------------------------

Report Check Netlist: 
+------+------------------+-------+---------+-------+------------------+
|      |Item              |Errors |Warnings |Status |Description       |
+------+------------------+-------+---------+-------+------------------+
|1     |multi_driven_nets |      0|        0|Passed |Multi driven nets |
+------+------------------+-------+---------+-------+------------------+
---------------------------------------------------------------------------------
Start Renaming Generated Instances
---------------------------------------------------------------------------------
---------------------------------------------------------------------------------
Finished Renaming Generated Instances : Time (s): cpu = 00:00:38 ; elapsed = 00:00:51 . Memory (MB): peak = 1754.070 ; gain = 451.766 ; free physical = 1981 ; free virtual = 7920
---------------------------------------------------------------------------------

Report RTL Partitions: 
+-+--------------+------------+----------+
| |RTL Partition |Replication |Instances |
+-+--------------+------------+----------+
+-+--------------+------------+----------+
---------------------------------------------------------------------------------
Start Rebuilding User Hierarchy
---------------------------------------------------------------------------------
---------------------------------------------------------------------------------
Finished Rebuilding User Hierarchy : Time (s): cpu = 00:00:38 ; elapsed = 00:00:51 . Memory (MB): peak = 1754.070 ; gain = 451.766 ; free physical = 1981 ; free virtual = 7920
---------------------------------------------------------------------------------
---------------------------------------------------------------------------------
Start Renaming Generated Ports
---------------------------------------------------------------------------------
---------------------------------------------------------------------------------
Finished Renaming Generated Ports : Time (s): cpu = 00:00:38 ; elapsed = 00:00:51 . Memory (MB): peak = 1754.070 ; gain = 451.766 ; free physical = 1981 ; free virtual = 7920
---------------------------------------------------------------------------------
---------------------------------------------------------------------------------
Start Handling Custom Attributes
---------------------------------------------------------------------------------
---------------------------------------------------------------------------------
Finished Handling Custom Attributes : Time (s): cpu = 00:00:38 ; elapsed = 00:00:51 . Memory (MB): peak = 1754.070 ; gain = 451.766 ; free physical = 1981 ; free virtual = 7920
---------------------------------------------------------------------------------
---------------------------------------------------------------------------------
Start Renaming Generated Nets
---------------------------------------------------------------------------------
---------------------------------------------------------------------------------
Finished Renaming Generated Nets : Time (s): cpu = 00:00:38 ; elapsed = 00:00:51 . Memory (MB): peak = 1754.070 ; gain = 451.766 ; free physical = 1981 ; free virtual = 7920
---------------------------------------------------------------------------------
---------------------------------------------------------------------------------
Start Writing Synthesis Report
---------------------------------------------------------------------------------

Report BlackBoxes: 
+-+--------------+----------+
| |BlackBox name |Instances |
+-+--------------+----------+
+-+--------------+----------+

Report Cell Usage: 
+------+-------+------+
|      |Cell   |Count |
+------+-------+------+
|1     |BUFG   |     1|
|2     |CARRY4 |    17|
|3     |LUT1   |     4|
|4     |LUT2   |    30|
|5     |LUT3   |     7|
|6     |LUT4   |     5|
|7     |LUT5   |     3|
|8     |LUT6   |     5|
|9     |FDRE   |    56|
|10    |IBUF   |     3|
|11    |OBUF   |     4|
+------+-------+------+

Report Instance Areas: 
+------+----------+-----------+------+
|      |Instance  |Module     |Cells |
+------+----------+-----------+------+
|1     |top       |           |   135|
|2     |  BUTTON0 |debounce   |    46|
|3     |  BUTTON1 |debounce_0 |    50|
|4     |  LED0    |PWMLED     |    25|
+------+----------+-----------+------+
---------------------------------------------------------------------------------
Finished Writing Synthesis Report : Time (s): cpu = 00:00:38 ; elapsed = 00:00:51 . Memory (MB): peak = 1754.070 ; gain = 451.766 ; free physical = 1981 ; free virtual = 7920
---------------------------------------------------------------------------------
Synthesis finished with 0 errors, 0 critical warnings and 0 warnings.
Synthesis Optimization Runtime : Time (s): cpu = 00:00:29 ; elapsed = 00:00:33 . Memory (MB): peak = 1754.070 ; gain = 131.461 ; free physical = 2033 ; free virtual = 7971
Synthesis Optimization Complete : Time (s): cpu = 00:00:38 ; elapsed = 00:00:52 . Memory (MB): peak = 1754.078 ; gain = 451.766 ; free physical = 2033 ; free virtual = 7972
INFO: [Project 1-571] Translating synthesized netlist
INFO: [Netlist 29-17] Analyzing 20 Unisim elements for replacement
INFO: [Netlist 29-28] Unisim Transformation completed in 0 CPU seconds
INFO: [Project 1-570] Preparing netlist for logic optimization
INFO: [Opt 31-138] Pushed 0 inverter(s) to 0 load pin(s).
INFO: [Project 1-111] Unisim Transformation Summary:
No Unisim elements were transformed.

INFO: [Common 17-83] Releasing license: Synthesis
29 Infos, 0 Warnings, 0 Critical Warnings and 0 Errors encountered.
synth_design completed successfully
synth_design: Time (s): cpu = 00:00:40 ; elapsed = 00:00:54 . Memory (MB): peak = 1754.078 ; gain = 464.375 ; free physical = 2033 ; free virtual = 7972
INFO: [Common 17-1381] The checkpoint '/home/aragorn/Documents/FPGA/led_brightness_vhd/led_brightness_vhd.runs/synth_1/main.dcp' has been generated.
INFO: [runtcl-4] Executing : report_utilization -file main_utilization_synth.rpt -pb main_utilization_synth.pb
report_utilization: Time (s): cpu = 00:00:00.02 ; elapsed = 00:00:00.03 . Memory (MB): peak = 1778.082 ; gain = 0.000 ; free physical = 2033 ; free virtual = 7972
INFO: [Common 17-206] Exiting Vivado at Mon Oct  1 14:02:44 2018...
